<?xml version="1.0" encoding="UTF-8"?>
<!-- Generated by org.testng.reporters.JUnitXMLReporter -->
<testsuite hostname="DESKTOP-U7V3KH0" ignored="0" name="BankingApp Test" tests="1" failures="1" timestamp="31 Aug 2020 10:08:24 GMT" time="20.096" errors="0">
  <testcase name="AddNewCustomer" time="9.814" classname="com.inetBanking.testCases.TC_AddCustomer_003">
    <failure type="org.openqa.selenium.ElementClickInterceptedException" message="element click intercepted: Element &amp;lt;a href=&amp;quot;addcustomerpage.php&amp;quot;&amp;gt;...&amp;lt;/a&amp;gt; is not clickable at point (120, 392). Other element would receive the click: &amp;lt;div id=&amp;quot;transparentInner&amp;quot; style=&amp;quot;cursor: pointer; visibility: inherit; width: 100%; height: 100%; background-color: rgba(0, 0, 0, 0.4); opacity: 1; user-select: none; -webkit-tap-highlight-color: rgba(0, 0, 0, 0); pointer-events: auto;&amp;quot;&amp;gt;&amp;lt;/div&amp;gt;
  (Session info: chrome=84.0.4147.135)
Build info: version: &amp;apos;3.141.59&amp;apos;, revision: &amp;apos;e82be7d358&amp;apos;, time: &amp;apos;2018-11-14T08:17:03&amp;apos;
System info: host: &amp;apos;DESKTOP-U7V3KH0&amp;apos;, ip: &amp;apos;9.102.51.247&amp;apos;, os.name: &amp;apos;Windows 10&amp;apos;, os.arch: &amp;apos;amd64&amp;apos;, os.version: &amp;apos;10.0&amp;apos;, java.version: &amp;apos;1.8.0_261&amp;apos;
Driver info: org.openqa.selenium.chrome.ChromeDriver
Capabilities {acceptInsecureCerts: false, browserName: chrome, browserVersion: 84.0.4147.135, chrome: {chromedriverVersion: 83.0.4103.39 (ccbf011cb2d2b..., userDataDir: C:\Users\NIRANJ~1\AppData\L...}, goog:chromeOptions: {debuggerAddress: localhost:64582}, javascriptEnabled: true, networkConnectionEnabled: false, pageLoadStrategy: normal, platform: WINDOWS, platformName: WINDOWS, proxy: Proxy(), setWindowRect: true, strictFileInteractability: false, timeouts: {implicit: 0, pageLoad: 300000, script: 30000}, unhandledPromptBehavior: dismiss and notify, webauthn:virtualAuthenticators: true}
Session ID: 856b05344da61f16bdce604cbc916883">
      <![CDATA[org.openqa.selenium.ElementClickInterceptedException: element click intercepted: Element <a href="addcustomerpage.php">...</a> is not clickable at point (120, 392). Other element would receive the click: <div id="transparentInner" style="cursor: pointer; visibility: inherit; width: 100%; height: 100%; background-color: rgba(0, 0, 0, 0.4); opacity: 1; user-select: none; -webkit-tap-highlight-color: rgba(0, 0, 0, 0); pointer-events: auto;"></div>
  (Session info: chrome=84.0.4147.135)
Build info: version: '3.141.59', revision: 'e82be7d358', time: '2018-11-14T08:17:03'
System info: host: 'DESKTOP-U7V3KH0', ip: '9.102.51.247', os.name: 'Windows 10', os.arch: 'amd64', os.version: '10.0', java.version: '1.8.0_261'
Driver info: org.openqa.selenium.chrome.ChromeDriver
Capabilities {acceptInsecureCerts: false, browserName: chrome, browserVersion: 84.0.4147.135, chrome: {chromedriverVersion: 83.0.4103.39 (ccbf011cb2d2b..., userDataDir: C:\Users\NIRANJ~1\AppData\L...}, goog:chromeOptions: {debuggerAddress: localhost:64582}, javascriptEnabled: true, networkConnectionEnabled: false, pageLoadStrategy: normal, platform: WINDOWS, platformName: WINDOWS, proxy: Proxy(), setWindowRect: true, strictFileInteractability: false, timeouts: {implicit: 0, pageLoad: 300000, script: 30000}, unhandledPromptBehavior: dismiss and notify, webauthn:virtualAuthenticators: true}
Session ID: 856b05344da61f16bdce604cbc916883
at org.openqa.selenium.remote.http.W3CHttpResponseCodec.createException(W3CHttpResponseCodec.java:187)
at org.openqa.selenium.remote.http.W3CHttpResponseCodec.decode(W3CHttpResponseCodec.java:122)
at org.openqa.selenium.remote.http.W3CHttpResponseCodec.decode(W3CHttpResponseCodec.java:49)
at org.openqa.selenium.remote.HttpCommandExecutor.execute(HttpCommandExecutor.java:158)
at org.openqa.selenium.remote.service.DriverCommandExecutor.execute(DriverCommandExecutor.java:83)
at org.openqa.selenium.remote.RemoteWebDriver.execute(RemoteWebDriver.java:552)
at org.openqa.selenium.remote.RemoteWebElement.execute(RemoteWebElement.java:285)
at org.openqa.selenium.remote.RemoteWebElement.click(RemoteWebElement.java:84)
at org.openqa.selenium.support.pagefactory.internal.LocatingElementHandler.invoke(LocatingElementHandler.java:51)
at com.sun.proxy.$Proxy11.click(Unknown Source)
at com.inetBanking.pageObject.AddCustomerPage.clickAddNewCustomer(AddCustomerPage.java:68)
at com.inetBanking.testCases.TC_AddCustomer_003.AddNewCustomer(TC_AddCustomer_003.java:23)
... Removed 33 stack frames]]>
    </failure>
  </testcase> <!-- AddNewCustomer -->
</testsuite> <!-- BankingApp Test -->
