<!DOCTYPE html PUBLIC "-//W3C//DTD XHTML 1.1//EN" "http://www.w3.org/TR/xhtml11/DTD/xhtml11.dtd">
<html xmlns="http://www.w3.org/1999/xhtml">
<head>
<meta http-equiv="content-type" content="text/html; charset=UTF-8"/>
<title>TestNG Report</title>
<style type="text/css">table {margin-bottom:10px;border-collapse:collapse;empty-cells:show}th,td {border:1px solid #009;padding:.25em .5em}th {vertical-align:bottom}td {vertical-align:top}table a {font-weight:bold}.stripe td {background-color: #E6EBF9}.num {text-align:right}.passedodd td {background-color: #3F3}.passedeven td {background-color: #0A0}.skippedodd td {background-color: #DDD}.skippedeven td {background-color: #CCC}.failedodd td,.attn {background-color: #F33}.failedeven td,.stripe .attn {background-color: #D00}.stacktrace {white-space:pre;font-family:monospace}.totop {font-size:85%;text-align:center;border-bottom:2px solid #000}.invisible {display:none}</style>
</head>
<body>
<table>
<tr><th>Test</th><th># Passed</th><th># Skipped</th><th># Failed</th><th>Time (ms)</th><th>Included Groups</th><th>Excluded Groups</th></tr>
<tr><th colspan="7">inetBanking</th></tr>
<tr><td><a href="#t0">BankingApp Test</a></td><td class="num">3</td><td class="num">0</td><td class="num attn">4</td><td class="num">82,775</td><td></td><td></td></tr>
</table>
<table id='summary'><thead><tr><th>Class</th><th>Method</th><th>Start</th><th>Time (ms)</th></tr></thead><tbody><tr><th colspan="4">inetBanking</th></tr></tbody><tbody id="t0"><tr><th colspan="4">BankingApp Test &#8212; failed</th></tr><tr class="failedeven"><td rowspan="3">com.inetBanking.testCases.TC_LoginDDT_002</td><td><a href="#m0">LoginDDT</a></td><td rowspan="3">1598896168496</td><td rowspan="3">27</td></tr><tr class="failedeven"><td><a href="#m1">LoginDDT</a></td></tr><tr class="failedeven"><td><a href="#m2">LoginDDT</a></td></tr><tr class="failedodd"><td rowspan="1">com.inetBanking.testCases.TC_LoginTest_001</td><td><a href="#m3">LoginTest</a></td><td rowspan="1">1598896094388</td><td rowspan="1">8820</td></tr><tr><th colspan="4">BankingApp Test &#8212; passed</th></tr><tr class="passedeven"><td rowspan="3">com.inetBanking.testCases.TC_LoginDDT_002</td><td><a href="#m4">LoginDDT</a></td><td rowspan="3">1598896157265</td><td rowspan="3">11231</td></tr><tr class="passedeven"><td><a href="#m5">LoginDDT</a></td></tr><tr class="passedeven"><td><a href="#m6">LoginDDT</a></td></tr></tbody>
</table>
<h2>BankingApp Test</h2><h3 id="m0">com.inetBanking.testCases.TC_LoginDDT_002#LoginDDT</h3><table class="result"><tr class="param"><th>Parameter #1</th><th>Parameter #2</th></tr><tr class="param stripe"><td>null</td><td>null</td></tr><tr><th colspan="2">Exception</th></tr><tr><td colspan="2"><div class="stacktrace">java.lang.IllegalArgumentException: Keys to send should be a not null CharSequence
	at org.openqa.selenium.remote.RemoteWebElement.sendKeys(RemoteWebElement.java:97)
	at org.openqa.selenium.support.pagefactory.internal.LocatingElementHandler.invoke(LocatingElementHandler.java:51)
	at com.sun.proxy.$Proxy10.sendKeys(Unknown Source)
	at com.inetBanking.pageObject.LoginPage.setUsername(LoginPage.java:35)
	at com.inetBanking.testCases.TC_LoginDDT_002.LoginDDT(TC_LoginDDT_002.java:18)
... Removed 33 stack frames</div></td></tr></table><p class="totop"><a href="#summary">back to summary</a></p>
<h3 id="m1">com.inetBanking.testCases.TC_LoginDDT_002#LoginDDT</h3><table class="result"><tr class="param"><th>Parameter #1</th><th>Parameter #2</th></tr><tr class="param stripe"><td>mngr281114</td><td>rasApAd</td></tr><tr><th colspan="2">Exception</th></tr><tr><td colspan="2"><div class="stacktrace">java.lang.AssertionError: expected [true] but found [false]
	at com.inetBanking.testCases.TC_LoginDDT_002.LoginDDT(TC_LoginDDT_002.java:28)
... Removed 33 stack frames</div></td></tr></table><p class="totop"><a href="#summary">back to summary</a></p>
<h3 id="m2">com.inetBanking.testCases.TC_LoginDDT_002#LoginDDT</h3><table class="result"><tr class="param"><th>Parameter #1</th><th>Parameter #2</th></tr><tr class="param stripe"><td>mngr281344</td><td>rasApAd</td></tr><tr><th colspan="2">Exception</th></tr><tr><td colspan="2"><div class="stacktrace">java.lang.AssertionError: expected [true] but found [false]
	at com.inetBanking.testCases.TC_LoginDDT_002.LoginDDT(TC_LoginDDT_002.java:28)
... Removed 33 stack frames</div></td></tr></table><p class="totop"><a href="#summary">back to summary</a></p>
<h3 id="m3">com.inetBanking.testCases.TC_LoginTest_001#LoginTest</h3><table class="result"><tr><th>Exception</th></tr><tr><td><div class="stacktrace">java.lang.AssertionError: expected [true] but found [false]
	at com.inetBanking.testCases.TC_LoginTest_001.LoginTest(TC_LoginTest_001.java:31)
... Removed 33 stack frames</div></td></tr></table><p class="totop"><a href="#summary">back to summary</a></p>
<h3 id="m4">com.inetBanking.testCases.TC_LoginDDT_002#LoginDDT</h3><table class="result"><tr class="param"><th>Parameter #1</th><th>Parameter #2</th></tr><tr class="param stripe"><td>mngr281004</td><td>rasApAd</td></tr></table><p class="totop"><a href="#summary">back to summary</a></p>
<h3 id="m5">com.inetBanking.testCases.TC_LoginDDT_002#LoginDDT</h3><table class="result"><tr class="param"><th>Parameter #1</th><th>Parameter #2</th></tr><tr class="param stripe"><td>mngr281004</td><td>rasApAd</td></tr></table><p class="totop"><a href="#summary">back to summary</a></p>
<h3 id="m6">com.inetBanking.testCases.TC_LoginDDT_002#LoginDDT</h3><table class="result"><tr class="param"><th>Parameter #1</th><th>Parameter #2</th></tr><tr class="param stripe"><td>mngr281004</td><td>rasApAd</td></tr></table><p class="totop"><a href="#summary">back to summary</a></p>
</body>
</html>
